2023-03-24 14:03:00 INFO  Waitings:50 - TOTAL TIME that the LANDING PAGE page was loading: 1.06 seconds.
2023-03-24 14:03:01 INFO  InputFormCheck:121 - FIRST NAME field was SUCCESSFULLY entered!
2023-03-24 14:03:02 INFO  InputFormCheck:129 - LAST NAME field was SUCCESSFULLY entered!
2023-03-24 14:03:04 INFO  InputFormCheck:135 - MARITAL STATUS radio-button was SUCCESSFULLY selected with the value MARRIED!
2023-03-24 14:03:05 INFO  InputFormCheck:141 - HOBBY check-box was SUCCESSFULLY selected with the value READING!
2023-03-24 14:03:06 INFO  InputFormCheck:148 - COUNTRY field was SUCCESSFULLY filled out!
2023-03-24 14:03:07 INFO  InputFormCheck:155 - MONTH field was SUCCESSFULLY filled out!
2023-03-24 14:03:08 INFO  InputFormCheck:160 - DAY field was SUCCESSFULLY filled out!
2023-03-24 14:03:09 INFO  InputFormCheck:165 - YEAR field was SUCCESSFULLY filled out!
2023-03-24 14:03:10 INFO  InputFormCheck:173 - PHONE NUMBER field was SUCCESSFULLY entered!
2023-03-24 14:03:12 INFO  InputFormCheck:181 - USER NAME field was SUCCESSFULLY entered!
2023-03-24 14:03:13 INFO  InputFormCheck:189 - EMAIL field was SUCCESSFULLY entered!
2023-03-24 14:03:16 INFO  InputFormCheck:236 - ATTACH PICTURE PROFILE button was clicked.
2023-03-24 14:03:16 INFO  InputFormCheck:255 - PROFILE picture was attached.
2023-03-24 14:03:17 INFO  InputFormCheck:200 - ABOUT YOURSELF field was SUCCESSFULLY entered!
2023-03-24 14:03:18 INFO  InputFormCheck:208 - PASSWORD field was SUCCESSFULLY entered!
2023-03-24 14:03:19 INFO  InputFormCheck:216 - CONFIRM PASSWORD field was SUCCESSFULLY entered!
2023-03-24 14:03:22 INFO  InputFormCheck:275 - SUBMIT button was clicked.
2023-03-24 14:03:22 INFO  Waitings:135 - TOTAL TIME that the DATA SUBMISSION COMPLETE page was loading: 0.022 seconds.
2023-03-24 14:03:24 INFO  Waitings:108 - TOTAL TIME that LANDING PAGE page was loading: 0.044 seconds.
2023-03-24 14:03:25 INFO  AlertPopupVerification:69 - DISPLAY ALERT button was clicked.
2023-03-24 14:03:25 INFO  Waitings:158 - TOTAL TIME that the ALERT POPUP was loading is : 0.009 seconds.
2023-03-24 14:03:28 INFO  AlertPopupVerification:94 - The text on the Alert Popup was SUCCESSFULLY verified!
2023-03-24 14:03:28 INFO  AlertPopupVerification:98 - OK button was clicked on the Alert Popup.
2023-03-24 14:03:30 INFO  Waitings:108 - TOTAL TIME that LANDING PAGE page was loading: 0.034 seconds.
2023-03-24 14:03:31 INFO  ErrorTextValidation:77 - SUBMIT FORM button was clicked.
2023-03-24 14:03:31 INFO  Waitings:86 - TOTAL TIME that the Updated 'FORM WITH VALIDATIONS' web-element was loading: 0.023 seconds.
2023-03-24 14:03:34 WARN  ErrorTextValidation:101 - CITY field has not been filled in! It will be filled in automatically.
2023-03-24 14:03:34 INFO  ErrorTextValidation:106 - CITY input field was SUCCESSFULLY filled with the value 'Hamburg'!
2023-03-24 14:03:35 WARN  ErrorTextValidation:123 - STATE field has not been filled in! It will be filled in automatically.
2023-03-24 14:03:35 INFO  ErrorTextValidation:128 - STATE input field was SUCCESSFULLY filled with the value 'Germany'!
2023-03-24 14:03:36 WARN  ErrorTextValidation:145 - ZIP field has not been filled in! It will be filled in automatically.
2023-03-24 14:03:36 INFO  ErrorTextValidation:150 - ZIP input field was SUCCESSFULLY filled with the value '228534'!
2023-03-24 14:03:37 WARN  ErrorTextValidation:167 - The check-box AGREE WITH TERMS AND CONDITIONS has not been selected! It will be selected automatically.
2023-03-24 14:03:37 INFO  ErrorTextValidation:170 - The check-box AGREE WITH TERMS AND CONDITIONS has not been selected.
2023-03-24 14:03:40 INFO  ErrorTextValidation:188 - SUBMIT FORM button was clicked.
2023-03-24 14:03:40 INFO  Waitings:86 - TOTAL TIME that the Updated 'FORM WITH VALIDATIONS' web-element was loading: 0.035 seconds.
